{"contracts/Raffle.sol":{"l":{"61":3,"62":3,"63":3,"64":3,"65":3,"66":3,"67":3,"68":3,"69":3,"76":12,"77":1,"80":11,"85":11,"86":1,"89":10,"99":0,"100":0,"101":0,"102":0,"103":0,"104":0,"106":0,"110":0,"111":0,"113":0,"134":10,"136":10,"138":10,"139":10,"140":10,"141":10,"150":6,"152":6,"153":1,"159":5,"160":5,"168":5,"174":14,"178":1,"182":0,"190":1,"194":0,"198":3,"202":0,"206":0,"210":0,"214":14,"218":1,"222":1,"226":1},"path":"/home/harshit/Raffle/contracts/Raffle.sol","s":{"1":12,"2":11,"3":11,"4":10,"5":0,"6":0,"7":0,"8":0,"9":0,"10":10,"11":10,"12":10,"13":10,"14":10,"15":6,"16":6,"17":5,"18":5,"19":14,"20":1,"21":0,"22":1,"23":0,"24":3,"25":0,"26":0,"27":0,"28":14,"29":1,"30":1,"31":1},"b":{"1":[1,11],"2":[1,10],"3":[0,0],"4":[1,5]},"f":{"1":3,"2":12,"3":0,"4":10,"5":6,"6":14,"7":1,"8":0,"9":1,"10":0,"11":3,"12":0,"13":0,"14":0,"15":14,"16":1,"17":1,"18":1},"fnMap":{"1":{"name":"constructor","line":60,"loc":{"start":{"line":53,"column":4},"end":{"line":70,"column":4}}},"2":{"name":"enterRaffle","line":75,"loc":{"start":{"line":75,"column":4},"end":{"line":90,"column":4}}},"3":{"name":"fulfillRandomWords","line":92,"loc":{"start":{"line":92,"column":4},"end":{"line":114,"column":4}}},"4":{"name":"checkUpkeep","line":126,"loc":{"start":{"line":126,"column":4},"end":{"line":142,"column":4}}},"5":{"name":"performUpkeep","line":149,"loc":{"start":{"line":149,"column":4},"end":{"line":169,"column":4}}},"6":{"name":"getEntranceFee","line":173,"loc":{"start":{"line":173,"column":4},"end":{"line":175,"column":4}}},"7":{"name":"getPlayers","line":177,"loc":{"start":{"line":177,"column":4},"end":{"line":179,"column":4}}},"8":{"name":"getOwner","line":181,"loc":{"start":{"line":181,"column":4},"end":{"line":183,"column":4}}},"9":{"name":"getVRFCoordinator","line":185,"loc":{"start":{"line":185,"column":4},"end":{"line":191,"column":4}}},"10":{"name":"getRecentWinner","line":193,"loc":{"start":{"line":193,"column":4},"end":{"line":195,"column":4}}},"11":{"name":"getRaffleState","line":197,"loc":{"start":{"line":197,"column":4},"end":{"line":199,"column":4}}},"12":{"name":"getLatestTimeStamp","line":201,"loc":{"start":{"line":201,"column":4},"end":{"line":203,"column":4}}},"13":{"name":"getNumWords","line":205,"loc":{"start":{"line":205,"column":4},"end":{"line":207,"column":4}}},"14":{"name":"getRequestConfirmation","line":209,"loc":{"start":{"line":209,"column":4},"end":{"line":211,"column":4}}},"15":{"name":"getInterval","line":213,"loc":{"start":{"line":213,"column":4},"end":{"line":215,"column":4}}},"16":{"name":"getSubscriptionId","line":217,"loc":{"start":{"line":217,"column":4},"end":{"line":219,"column":4}}},"17":{"name":"getGasLane","line":221,"loc":{"start":{"line":221,"column":4},"end":{"line":223,"column":4}}},"18":{"name":"getCallbackGasLimit","line":225,"loc":{"start":{"line":225,"column":4},"end":{"line":227,"column":4}}}},"statementMap":{"1":{"start":{"line":76,"column":8},"end":{"line":76,"column":2484}},"2":{"start":{"line":80,"column":8},"end":{"line":80,"column":42}},"3":{"start":{"line":85,"column":8},"end":{"line":85,"column":2834}},"4":{"start":{"line":89,"column":8},"end":{"line":89,"column":36}},"5":{"start":{"line":99,"column":8},"end":{"line":99,"column":65}},"6":{"start":{"line":100,"column":8},"end":{"line":100,"column":63}},"7":{"start":{"line":106,"column":8},"end":{"line":106,"column":3660}},"8":{"start":{"line":110,"column":8},"end":{"line":110,"column":3806}},"9":{"start":{"line":113,"column":8},"end":{"line":113,"column":39}},"10":{"start":{"line":134,"column":8},"end":{"line":134,"column":55}},"11":{"start":{"line":136,"column":8},"end":{"line":136,"column":76}},"12":{"start":{"line":138,"column":8},"end":{"line":138,"column":46}},"13":{"start":{"line":139,"column":8},"end":{"line":139,"column":51}},"14":{"start":{"line":141,"column":8},"end":{"line":141,"column":36}},"15":{"start":{"line":150,"column":8},"end":{"line":150,"column":47}},"16":{"start":{"line":152,"column":8},"end":{"line":152,"column":5418}},"17":{"start":{"line":160,"column":8},"end":{"line":160,"column":5678}},"18":{"start":{"line":168,"column":8},"end":{"line":168,"column":45}},"19":{"start":{"line":174,"column":8},"end":{"line":174,"column":28}},"20":{"start":{"line":178,"column":8},"end":{"line":178,"column":31}},"21":{"start":{"line":182,"column":8},"end":{"line":182,"column":22}},"22":{"start":{"line":190,"column":8},"end":{"line":190,"column":31}},"23":{"start":{"line":194,"column":8},"end":{"line":194,"column":29}},"24":{"start":{"line":198,"column":8},"end":{"line":198,"column":28}},"25":{"start":{"line":202,"column":8},"end":{"line":202,"column":30}},"26":{"start":{"line":206,"column":8},"end":{"line":206,"column":24}},"27":{"start":{"line":210,"column":8},"end":{"line":210,"column":36}},"28":{"start":{"line":214,"column":8},"end":{"line":214,"column":25}},"29":{"start":{"line":218,"column":8},"end":{"line":218,"column":31}},"30":{"start":{"line":222,"column":8},"end":{"line":222,"column":24}},"31":{"start":{"line":226,"column":8},"end":{"line":226,"column":33}}},"branchMap":{"1":{"line":76,"type":"if","locations":[{"start":{"line":76,"column":8},"end":{"line":76,"column":8}},{"start":{"line":76,"column":8},"end":{"line":76,"column":8}}]},"2":{"line":85,"type":"if","locations":[{"start":{"line":85,"column":8},"end":{"line":85,"column":8}},{"start":{"line":85,"column":8},"end":{"line":85,"column":8}}]},"3":{"line":110,"type":"if","locations":[{"start":{"line":110,"column":8},"end":{"line":110,"column":8}},{"start":{"line":110,"column":8},"end":{"line":110,"column":8}}]},"4":{"line":152,"type":"if","locations":[{"start":{"line":152,"column":8},"end":{"line":152,"column":8}},{"start":{"line":152,"column":8},"end":{"line":152,"column":8}}]}}},"contracts/tests/VRFCoordinatorV2Mock.sol":{"l":{},"path":"/home/harshit/Raffle/contracts/tests/VRFCoordinatorV2Mock.sol","s":{},"b":{},"f":{},"fnMap":{},"statementMap":{},"branchMap":{}}}