{"contracts/Raffle.sol":{"l":{"20":0,"21":0,"23":0,"27":0,"28":0,"33":0,"34":0,"36":0,"41":0,"45":0,"49":0,"53":0},"path":"/home/harshit/Raffle/contracts/Raffle.sol","s":{"1":0,"2":0,"3":0,"4":0,"5":0,"6":0,"7":0},"b":{"1":[0,0],"2":[0,0]},"f":{"1":0,"2":0,"3":0,"4":0,"5":0,"6":0},"fnMap":{"1":{"name":"onlyOwner","line":19,"loc":{"start":{"line":19,"column":4},"end":{"line":24,"column":4}}},"2":{"name":"constructor","line":26,"loc":{"start":{"line":26,"column":4},"end":{"line":29,"column":4}}},"3":{"name":"enterRaffle","line":32,"loc":{"start":{"line":32,"column":4},"end":{"line":42,"column":4}}},"4":{"name":"getEntranceFee","line":44,"loc":{"start":{"line":44,"column":4},"end":{"line":46,"column":4}}},"5":{"name":"getPlayers","line":48,"loc":{"start":{"line":48,"column":4},"end":{"line":50,"column":4}}},"6":{"name":"getOwner","line":52,"loc":{"start":{"line":52,"column":4},"end":{"line":54,"column":4}}}},"statementMap":{"1":{"start":{"line":20,"column":8},"end":{"line":20,"column":489}},"2":{"start":{"line":33,"column":8},"end":{"line":33,"column":792}},"3":{"start":{"line":36,"column":8},"end":{"line":36,"column":42}},"4":{"start":{"line":41,"column":8},"end":{"line":41,"column":36}},"5":{"start":{"line":45,"column":8},"end":{"line":45,"column":28}},"6":{"start":{"line":49,"column":8},"end":{"line":49,"column":31}},"7":{"start":{"line":53,"column":8},"end":{"line":53,"column":22}}},"branchMap":{"1":{"line":20,"type":"if","locations":[{"start":{"line":20,"column":8},"end":{"line":20,"column":8}},{"start":{"line":20,"column":8},"end":{"line":20,"column":8}}]},"2":{"line":33,"type":"if","locations":[{"start":{"line":33,"column":8},"end":{"line":33,"column":8}},{"start":{"line":33,"column":8},"end":{"line":33,"column":8}}]}}}}