{
"contracts/Raffle.sol":{"l":{"56":0,"57":0,"59":0,"70":0,"71":0,"72":0,"73":0,"74":0,"75":0,"76":0,"77":0,"78":0,"85":0,"86":0,"88":0,"93":0,"94":0,"97":0,"107":0,"108":0,"109":0,"110":0,"111":0,"112":0,"114":0,"118":0,"119":0,"121":0,"141":0,"143":0,"144":0,"145":0,"146":0,"155":0,"157":0,"158":0,"164":0,"165":0,"173":0,"179":0,"183":0,"187":0,"195":0,"199":0,"203":0,"207":0,"211":0,"215":0},"path":"/home/harshit/Raffle/contracts/Raffle.sol","s":{"1":0,"2":0,"3":0,"4":0,"5":0,"6":0,"7":0,"8":0,"9":0,"10":0,"11":0,"12":0,"13":0,"14":0,"15":0,"16":0,"17":0,"18":0,"19":0,"20":0,"21":0,"22":0,"23":0,"24":0,"25":0,"26":0,"27":0},"b":{"1":[0,0],"2":[0,0],"3":[0,0],"4":[0,0],"5":[0,0]},"f":{"1":0,"2":0,"3":0,"4":0,"5":0,"6":0,"7":0,"8":0,"9":0,"10":0,"11":0,"12":0,"13":0,"14":0,"15":0},"fnMap":{"1":{"name":"onlyOwner","line":55,"loc":{"start":{"line":55,"column":4},"end":{"line":60,"column":4}}},"2":{"name":"constructor","line":69,"loc":{"start":{"line":62,"column":4},"end":{"line":79,"column":4}}},"3":{"name":"enterRaffle","line":84,"loc":{"start":{"line":84,"column":4},"end":{"line":98,"column":4}}},"4":{"name":"fulfillRandomWords","line":100,"loc":{"start":{"line":100,"column":4},"end":{"line":122,"column":4}}},"5":{"name":"checkUpkeep","line":134,"loc":{"start":{"line":134,"column":4},"end":{"line":147,"column":4}}},"6":{"name":"performUpkeep","line":154,"loc":{"start":{"line":154,"column":4},"end":{"line":174,"column":4}}},"7":{"name":"getEntranceFee","line":178,"loc":{"start":{"line":178,"column":4},"end":{"line":180,"column":4}}},"8":{"name":"getPlayers","line":182,"loc":{"start":{"line":182,"column":4},"end":{"line":184,"column":4}}},"9":{"name":"getOwner","line":186,"loc":{"start":{"line":186,"column":4},"end":{"line":188,"column":4}}},"10":{"name":"getVRFCoordinator","line":190,"loc":{"start":{"line":190,"column":4},"end":{"line":196,"column":4}}},"11":{"name":"getRecentWinner","line":198,"loc":{"start":{"line":198,"column":4},"end":{"line":200,"column":4}}},"12":{"name":"getRaffleState","line":202,"loc":{"start":{"line":202,"column":4},"end":{"line":204,"column":4}}},"13":{"name":"getLatestTimeStamp","line":206,"loc":{"start":{"line":206,"column":4},"end":{"line":208,"column":4}}},"14":{"name":"getNumWords","line":210,"loc":{"start":{"line":210,"column":4},"end":{"line":212,"column":4}}},"15":{"name":"getRequestConfirmation","line":214,"loc":{"start":{"line":214,"column":4},"end":{"line":216,"column":4}}}},"statementMap":{"1":{"start":{"line":56,"column":8},"end":{"line":56,"column":1792}},"2":{"start":{"line":85,"column":8},"end":{"line":85,"column":2633}},"3":{"start":{"line":88,"column":8},"end":{"line":88,"column":42}},"4":{"start":{"line":93,"column":8},"end":{"line":93,"column":2983}},"5":{"start":{"line":97,"column":8},"end":{"line":97,"column":36}},"6":{"start":{"line":107,"column":8},"end":{"line":107,"column":65}},"7":{"start":{"line":108,"column":8},"end":{"line":108,"column":63}},"8":{"start":{"line":114,"column":8},"end":{"line":114,"column":3809}},"9":{"start":{"line":118,"column":8},"end":{"line":118,"column":3955}},"10":{"start":{"line":121,"column":8},"end":{"line":121,"column":39}},"11":{"start":{"line":141,"column":8},"end":{"line":141,"column":57}},"12":{"start":{"line":143,"column":8},"end":{"line":143,"column":76}},"13":{"start":{"line":144,"column":8},"end":{"line":144,"column":46}},"14":{"start":{"line":145,"column":8},"end":{"line":145,"column":51}},"15":{"start":{"line":155,"column":8},"end":{"line":155,"column":47}},"16":{"start":{"line":157,"column":8},"end":{"line":157,"column":5517}},"17":{"start":{"line":165,"column":8},"end":{"line":165,"column":5777}},"18":{"start":{"line":173,"column":8},"end":{"line":173,"column":45}},"19":{"start":{"line":179,"column":8},"end":{"line":179,"column":28}},"20":{"start":{"line":183,"column":8},"end":{"line":183,"column":31}},"21":{"start":{"line":187,"column":8},"end":{"line":187,"column":22}},"22":{"start":{"line":195,"column":8},"end":{"line":195,"column":31}},"23":{"start":{"line":199,"column":8},"end":{"line":199,"column":29}},"24":{"start":{"line":203,"column":8},"end":{"line":203,"column":28}},"25":{"start":{"line":207,"column":8},"end":{"line":207,"column":30}},"26":{"start":{"line":211,"column":8},"end":{"line":211,"column":24}},"27":{"start":{"line":215,"column":8},"end":{"line":215,"column":36}}},"branchMap":{"1":{"line":56,"type":"if","locations":[{"start":{"line":56,"column":8},"end":{"line":56,"column":8}},{"start":{"line":56,"column":8},"end":{"line":56,"column":8}}]},"2":{"line":85,"type":"if","locations":[{"start":{"line":85,"column":8},"end":{"line":85,"column":8}},{"start":{"line":85,"column":8},"end":{"line":85,"column":8}}]},"3":{"line":93,"type":"if","locations":[{"start":{"line":93,"column":8},"end":{"line":93,"column":8}},{"start":{"line":93,"column":8},"end":{"line":93,"column":8}}]},"4":{"line":118,"type":"if","locations":[{"start":{"line":118,"column":8},"end":{"line":118,"column":8}},{"start":{"line":118,"column":8},"end":{"line":118,"column":8}}]},"5":{"line":157,"type":"if","locations":[{"start":{"line":157,"column":8},"end":{"line":157,"column":8}},{"start":{"line":157,"column":8},"end":{"line":157,"column":8}}]}}},
"contracts/tests/VRFCoordinatorV2Mock.sol":{"l":{},"path":"/home/harshit/Raffle/contracts/tests/VRFCoordinatorV2Mock.sol","s":{},"b":{},"f":{},"fnMap":{},"statementMap":{},"branchMap":{}}}
