TN:
SF:/home/harshit/Raffle/contracts/Raffle.sol
FN:19,onlyOwner
FN:29,constructor
FN:35,enterRaffle
FN:47,pickRandomWinner
FN:52,fulfillRandomWords
FN:59,getEntranceFee
FN:63,getPlayers
FN:67,getOwner
FNF:8
FNH:0
FNDA:0,onlyOwner
FNDA:0,constructor
FNDA:0,enterRaffle
FNDA:0,pickRandomWinner
FNDA:0,fulfillRandomWords
FNDA:0,getEntranceFee
FNDA:0,getPlayers
FNDA:0,getOwner
DA:20,0
DA:21,0
DA:23,0
DA:30,0
DA:31,0
DA:36,0
DA:37,0
DA:39,0
DA:44,0
DA:60,0
DA:64,0
DA:68,0
LF:12
LH:0
BRDA:20,1,0,0
BRDA:20,1,1,0
BRDA:36,2,0,0
BRDA:36,2,1,0
BRF:4
BRH:0
end_of_record
