TN:
SF:/home/harshit/Raffle/contracts/Raffle.sol
FN:55,onlyOwner
FN:69,constructor
FN:84,enterRaffle
FN:100,fulfillRandomWords
FN:134,checkUpkeep
FN:154,performUpkeep
FN:178,getEntranceFee
FN:182,getPlayers
FN:186,getOwner
FN:190,getVRFCoordinator
FN:198,getRecentWinner
FN:202,getRaffleState
FN:206,getLatestTimeStamp
FN:210,getNumWords
FN:214,getRequestConfirmation
FNF:15
FNH:0
FNDA:0,onlyOwner
FNDA:0,constructor
FNDA:0,enterRaffle
FNDA:0,fulfillRandomWords
FNDA:0,checkUpkeep
FNDA:0,performUpkeep
FNDA:0,getEntranceFee
FNDA:0,getPlayers
FNDA:0,getOwner
FNDA:0,getVRFCoordinator
FNDA:0,getRecentWinner
FNDA:0,getRaffleState
FNDA:0,getLatestTimeStamp
FNDA:0,getNumWords
FNDA:0,getRequestConfirmation
DA:56,0
DA:57,0
DA:59,0
DA:70,0
DA:71,0
DA:72,0
DA:73,0
DA:74,0
DA:75,0
DA:76,0
DA:77,0
DA:78,0
DA:85,0
DA:86,0
DA:88,0
DA:93,0
DA:94,0
DA:97,0
DA:107,0
DA:108,0
DA:109,0
DA:110,0
DA:111,0
DA:112,0
DA:114,0
DA:118,0
DA:119,0
DA:121,0
DA:141,0
DA:143,0
DA:144,0
DA:145,0
DA:146,0
DA:155,0
DA:157,0
DA:158,0
DA:164,0
DA:165,0
DA:173,0
DA:179,0
DA:183,0
DA:187,0
DA:195,0
DA:199,0
DA:203,0
DA:207,0
DA:211,0
DA:215,0
LF:48
LH:0
BRDA:56,1,0,0
BRDA:56,1,1,0
BRDA:85,2,0,0
BRDA:85,2,1,0
BRDA:93,3,0,0
BRDA:93,3,1,0
BRDA:118,4,0,0
BRDA:118,4,1,0
BRDA:157,5,0,0
BRDA:157,5,1,0
BRF:10
BRH:0
end_of_record
TN:
SF:/home/harshit/Raffle/contracts/tests/VRFCoordinatorV2Mock.sol
FNF:0
FNH:0
LF:0
LH:0
BRF:0
BRH:0
end_of_record
